>
PageMap 0FC00000 [FF]: 20000000?
PageMap 0FC02000 [FF]: 20000000?
PageMap 0FC04000 [FF]: 20000000?
PageMap 0FC06000 [FF]: 20000000?
PageMap 0FC08000 [FF]: 20000000?
PageMap 0FC0A000 [FF]: 20000000?
PageMap 0FC0C000 [FF]: 20000000?
PageMap 0FC0E000 [FF]: 20000000?
PageMap 0FC10000 [FF]: 20000000?
PageMap 0FC12000 [FF]: 20000000?
PageMap 0FC14000 [FF]: 20000000?
PageMap 0FC16000 [FF]: 20000000?
PageMap 0FC18000 [FF]: 20000000?
PageMap 0FC1A000 [FF]: 20000000?
PageMap 0FC1C000 [FF]: 20000000?
PageMap 0FC1E000 [FF]: 20000000?
PageMap 0FC20000 [FF]: 20000000?
PageMap 0FC22000 [FF]: 20000000?
PageMap 0FC24000 [FF]: 20000000?
PageMap 0FC26000 [FF]: 20000000?
PageMap 0FC28000 [FF]: 20000000?
PageMap 0FC2A000 [FF]: 20000000?
PageMap 0FC2C000 [FF]: 20000000?
PageMap 0FC2E000 [FF]: 20000000?
PageMap 0FC30000 [FF]: 20000000?
PageMap 0FC32000 [FF]: 20000000?
PageMap 0FC34000 [FF]: 20000000?
PageMap 0FC36000 [FF]: 20000000?
PageMap 0FC38000 [FF]: 20000000?
PageMap 0FC3A000 [FF]: 20000000?
PageMap 0FC3C000 [FF]: 20000000?
PageMap 0FC3E000 [FF]: 20000000?
PageMap 0FC40000 [FF]: 20000000?
PageMap 0FC42000 [FF]: 20000000?
PageMap 0FC44000 [FF]: 20000000?
PageMap 0FC46000 [FF]: 20000000?
PageMap 0FC48000 [FF]: 20000000?
PageMap 0FC4A000 [FF]: 20000000?
PageMap 0FC4C000 [FF]: 20000000?
PageMap 0FC4E000 [FF]: 20000000?
PageMap 0FC50000 [FF]: 20000000?
PageMap 0FC52000 [FF]: 20000000?
PageMap 0FC54000 [FF]: 20000000?
PageMap 0FC56000 [FF]: 20000000?
PageMap 0FC58000 [FF]: 20000000?
PageMap 0FC5A000 [FF]: 20000000?
PageMap 0FC5C000 [FF]: 20000000?
PageMap 0FC5E000 [FF]: 20000000?
PageMap 0FC60000 [FF]: 20000000?
PageMap 0FC62000 [FF]: 20000000?
PageMap 0FC64000 [FF]: 20000000?
PageMap 0FC66000 [FF]: 20000000?
PageMap 0FC68000 [FF]: 20000000?
PageMap 0FC6A000 [FF]: 20000000?
PageMap 0FC6C000 [FF]: 20000000?
PageMap 0FC6E000 [FF]: 20000000?
PageMap 0FC70000 [FF]: 20000000?
PageMap 0FC72000 [FF]: 20000000?
PageMap 0FC74000 [FF]: 20000000?
PageMap 0FC76000 [FF]: 20000000?
PageMap 0FC78000 [FF]: 20000000?
PageMap 0FC7A000 [FF]: 20000000?
PageMap 0FC7C000 [FF]: 20000000?
PageMap 0FC7E000 [FF]: 20000000?
PageMap 0FC80000 [FF]: 20000000?
PageMap 0FC82000 [FF]: 20000000?
PageMap 0FC84000 [FF]: 20000000?
PageMap 0FC86000 [FF]: 20000000?
PageMap 0FC88000 [FF]: 20000000?
PageMap 0FC8A000 [FF]: 20000000?
PageMap 0FC8C000 [FF]: 20000000?
PageMap 0FC8E000 [FF]: 20000000?
PageMap 0FC90000 [FF]: 20000000?
PageMap 0FC92000 [FF]: 20000000?
PageMap 0FC94000 [FF]: 20000000?
PageMap 0FC96000 [FF]: 20000000?
PageMap 0FC98000 [FF]: 20000000?
PageMap 0FC9A000 [FF]: 20000000?
PageMap 0FC9C000 [FF]: 20000000?
PageMap 0FC9E000 [FF]: 20000000?
PageMap 0FCA0000 [FF]: 20000000?
PageMap 0FCA2000 [FF]: 20000000?
PageMap 0FCA4000 [FF]: 20000000?
PageMap 0FCA6000 [FF]: 20000000?
PageMap 0FCA8000 [FF]: 20000000?
PageMap 0FCAA000 [FF]: 20000000?
PageMap 0FCAC000 [FF]: 20000000?
PageMap 0FCAE000 [FF]: 20000000?
PageMap 0FCB0000 [FF]: 20000000?
PageMap 0FCB2000 [FF]: 20000000?
PageMap 0FCB4000 [FF]: 20000000?
PageMap 0FCB6000 [FF]: 20000000?
PageMap 0FCB8000 [FF]: 20000000?
PageMap 0FCBA000 [FF]: 20000000?
PageMap 0FCBC000 [FF]: 20000000?
PageMap 0FCBE000 [FF]: 20000000?
PageMap 0FCC0000 [FF]: 20000000?
PageMap 0FCC2000 [FF]: 20000000?
PageMap 0FCC4000 [FF]: 20000000?
PageMap 0FCC6000 [FF]: 20000000?
PageMap 0FCC8000 [FF]: 20000000?
PageMap 0FCCA000 [FF]: 20000000?
PageMap 0FCCC000 [FF]: 20000000?
PageMap 0FCCE000 [FF]: 20000000?
PageMap 0FCD0000 [FF]: 20000000?
PageMap 0FCD2000 [FF]: 20000000?
PageMap 0FCD4000 [FF]: 20000000?
PageMap 0FCD6000 [FF]: 20000000?
PageMap 0FCD8000 [FF]: 20000000?
PageMap 0FCDA000 [FF]: 20000000?
PageMap 0FCDC000 [FF]: 20000000?
PageMap 0FCDE000 [FF]: 20000000?
PageMap 0FCE0000 [FF]: 20000000?
PageMap 0FCE2000 [FF]: 20000000?
PageMap 0FCE4000 [FF]: 20000000?
PageMap 0FCE6000 [FF]: 20000000?
PageMap 0FCE8000 [FF]: 20000000?
PageMap 0FCEA000 [FF]: 20000000?
PageMap 0FCEC000 [FF]: 20000000?
PageMap 0FCEE000 [FF]: 20000000?
PageMap 0FCF0000 [FF]: 20000000?
PageMap 0FCF2000 [FF]: 20000000?
PageMap 0FCF4000 [FF]: 20000000?
PageMap 0FCF6000 [FF]: 20000000?
PageMap 0FCF8000 [FF]: 20000000?
PageMap 0FCFA000 [FF]: 20000000?
PageMap 0FCFC000 [FF]: 20000000?
PageMap 0FCFE000 [FF]: 20000000?
PageMap 0FD00000 [FF]: 20000000?
PageMap 0FD02000 [FF]: 20000000?
PageMap 0FD04000 [FF]: 20000000?
PageMap 0FD06000 [FF]: 20000000?
PageMap 0FD08000 [FF]: 20000000?
PageMap 0FD0A000 [FF]: 20000000?
PageMap 0FD0C000 [FF]: 20000000?
PageMap 0FD0E000 [FF]: 20000000?
PageMap 0FD10000 [FF]: 20000000?
PageMap 0FD12000 [FF]: 20000000?
PageMap 0FD14000 [FF]: 20000000?
PageMap 0FD16000 [FF]: 20000000?
PageMap 0FD18000 [FF]: 20000000?
PageMap 0FD1A000 [FF]: 20000000?
PageMap 0FD1C000 [FF]: 20000000?
PageMap 0FD1E000 [FF]: 20000000?
PageMap 0FD20000 [FF]: 20000000?
PageMap 0FD22000 [FF]: 20000000?
PageMap 0FD24000 [FF]: 20000000?
PageMap 0FD26000 [FF]: 20000000?
PageMap 0FD28000 [FF]: 20000000?
PageMap 0FD2A000 [FF]: 20000000?
PageMap 0FD2C000 [FF]: 20000000?
PageMap 0FD2E000 [FF]: 20000000?
PageMap 0FD30000 [FF]: 20000000?
PageMap 0FD32000 [FF]: 20000000?
PageMap 0FD34000 [FF]: 20000000?
PageMap 0FD36000 [FF]: 20000000?
PageMap 0FD38000 [FF]: 20000000?
PageMap 0FD3A000 [FF]: 20000000?
PageMap 0FD3C000 [FF]: 20000000?
PageMap 0FD3E000 [FF]: 20000000?
PageMap 0FD40000 [FF]: 20000000?
PageMap 0FD42000 [FF]: 20000000?
PageMap 0FD44000 [FF]: 20000000?
PageMap 0FD46000 [FF]: 20000000?
PageMap 0FD48000 [FF]: 20000000?
PageMap 0FD4A000 [FF]: 20000000?
PageMap 0FD4C000 [FF]: 20000000?
PageMap 0FD4E000 [FF]: 20000000?
PageMap 0FD50000 [FF]: 20000000?
PageMap 0FD52000 [FF]: 20000000?
PageMap 0FD54000 [FF]: 20000000?
PageMap 0FD56000 [FF]: 20000000?
PageMap 0FD58000 [FF]: 20000000?
PageMap 0FD5A000 [FF]: 20000000?
PageMap 0FD5C000 [FF]: 20000000?
PageMap 0FD5E000 [FF]: 20000000?
PageMap 0FD60000 [FF]: 20000000?
PageMap 0FD62000 [FF]: 20000000?
PageMap 0FD64000 [FF]: 20000000?
PageMap 0FD66000 [FF]: 20000000?
PageMap 0FD68000 [FF]: 20000000?
PageMap 0FD6A000 [FF]: 20000000?
PageMap 0FD6C000 [FF]: 20000000?
PageMap 0FD6E000 [FF]: 20000000?
PageMap 0FD70000 [FF]: 20000000?
PageMap 0FD72000 [FF]: 20000000?
PageMap 0FD74000 [FF]: 20000000?
PageMap 0FD76000 [FF]: 20000000?
PageMap 0FD78000 [FF]: 20000000?
PageMap 0FD7A000 [FF]: 20000000?
PageMap 0FD7C000 [FF]: 20000000?
PageMap 0FD7E000 [FF]: 20000000?
PageMap 0FD80000 [FF]: 20000000?
PageMap 0FD82000 [FF]: 20000000?
PageMap 0FD84000 [FF]: 20000000?
PageMap 0FD86000 [FF]: 20000000?
PageMap 0FD88000 [FF]: 20000000?
PageMap 0FD8A000 [FF]: 20000000?
PageMap 0FD8C000 [FF]: 20000000?
PageMap 0FD8E000 [FF]: 20000000?
PageMap 0FD90000 [FF]: 20000000?
PageMap 0FD92000 [FF]: 20000000?
PageMap 0FD94000 [FF]: 20000000?
PageMap 0FD96000 [FF]: 20000000?
PageMap 0FD98000 [FF]: 20000000?
PageMap 0FD9A000 [FF]: 20000000?
PageMap 0FD9C000 [FF]: 20000000?
PageMap 0FD9E000 [FF]: 20000000?
PageMap 0FDA0000 [FF]: 20000000?
PageMap 0FDA2000 [FF]: 20000000?
PageMap 0FDA4000 [FF]: 20000000?
PageMap 0FDA6000 [FF]: 20000000?
PageMap 0FDA8000 [FF]: 20000000?
PageMap 0FDAA000 [FF]: 20000000?
PageMap 0FDAC000 [FF]: 20000000?
PageMap 0FDAE000 [FF]: 20000000?
PageMap 0FDB0000 [FF]: 20000000?
PageMap 0FDB2000 [FF]: 20000000?
PageMap 0FDB4000 [FF]: 20000000?
PageMap 0FDB6000 [FF]: 20000000?
PageMap 0FDB8000 [FF]: 20000000?
PageMap 0FDBA000 [FF]: 20000000?
PageMap 0FDBC000 [FF]: 20000000?
PageMap 0FDBE000 [FF]: 20000000?
PageMap 0FDC0000 [FF]: 20000000?
PageMap 0FDC2000 [FF]: 20000000?
PageMap 0FDC4000 [FF]: 20000000?
PageMap 0FDC6000 [FF]: 20000000?
PageMap 0FDC8000 [FF]: 20000000?
PageMap 0FDCA000 [FF]: 20000000?
PageMap 0FDCC000 [FF]: 20000000?
PageMap 0FDCE000 [FF]: 20000000?
PageMap 0FDD0000 [FF]: 20000000?
PageMap 0FDD2000 [FF]: 20000000?
PageMap 0FDD4000 [FF]: 20000000?
PageMap 0FDD6000 [FF]: 20000000?
PageMap 0FDD8000 [FF]: 20000000?
PageMap 0FDDA000 [FF]: 20000000?
PageMap 0FDDC000 [FF]: 20000000?
PageMap 0FDDE000 [FF]: 20000000?
PageMap 0FDE0000 [FF]: 20000000?
PageMap 0FDE2000 [FF]: 20000000?
PageMap 0FDE4000 [FF]: 20000000?
PageMap 0FDE6000 [FF]: 20000000?
PageMap 0FDE8000 [FF]: 20000000?
PageMap 0FDEA000 [FF]: 20000000?
PageMap 0FDEC000 [FF]: 20000000?
PageMap 0FDEE000 [FF]: 20000000?
PageMap 0FDF0000 [FF]: 20000000?
PageMap 0FDF2000 [FF]: 20000000?
PageMap 0FDF4000 [FF]: 20000000?
PageMap 0FDF6000 [FF]: 20000000?
PageMap 0FDF8000 [FF]: 20000000?
PageMap 0FDFA000 [FF]: 20000000?
PageMap 0FDFC000 [FF]: 20000000?
PageMap 0FDFE000 [FF]: 20000000?
PageMap 0FE00000 [FE]: D7000000?
PageMap 0FE02000 [FE]: D7000010?
PageMap 0FE04000 [FE]: D6000020?
PageMap 0FE06000 [FE]: D7000030?
PageMap 0FE08000 [FE]: D7000040?
PageMap 0FE0A000 [FE]: D7000050?
PageMap 0FE0C000 [FE]: D7000060?
PageMap 0FE0E000 [FE]: D4000000?
PageMap 0FE10000 [FE]: D4000090?
PageMap 0FE12000 [FE]: D40000A0?
PageMap 0FE14000 [FE]: D40000E0?
PageMap 0FE16000 [FE]: D40000F0?
PageMap 0FE18000 [FE]: D007F980?
PageMap 0FE1A000 [FE]: D007F8E0?
PageMap 0FE1C000 [FE]: F0000FEE?
PageMap 0FE1E000 [FE]: F0000FEF?
PageMap 0FE20000 [FD]: D007F800?
PageMap 0FE22000 [FD]: D007F801?
PageMap 0FE24000 [FD]: D007F802?
PageMap 0FE26000 [FD]: D007F803?
PageMap 0FE28000 [FD]: D007F804?
PageMap 0FE2A000 [FD]: D007F805?
PageMap 0FE2C000 [FD]: D007F806?
PageMap 0FE2E000 [FD]: D007F807?
PageMap 0FE30000 [FD]: D007F808?
PageMap 0FE32000 [FD]: D007F809?
PageMap 0FE34000 [FD]: D007F80A?
PageMap 0FE36000 [FD]: D007F80B?
PageMap 0FE38000 [FD]: D007F80C?
PageMap 0FE3A000 [FD]: D007F80D?
PageMap 0FE3C000 [FD]: D007F80E?
PageMap 0FE3E000 [FD]: D007F80F?
PageMap 0FE40000 [FC]: D007F810?
PageMap 0FE42000 [FC]: D007F811?
PageMap 0FE44000 [FC]: D007F812?
PageMap 0FE46000 [FC]: D007F813?
PageMap 0FE48000 [FC]: D007F814?
PageMap 0FE4A000 [FC]: D007F815?
PageMap 0FE4C000 [FC]: D007F816?
PageMap 0FE4E000 [FC]: D007F817?
PageMap 0FE50000 [FC]: D007F818?
PageMap 0FE52000 [FC]: D007F819?
PageMap 0FE54000 [FC]: D007F81A?
PageMap 0FE56000 [FC]: D007F81B?
PageMap 0FE58000 [FC]: D007F81C?
PageMap 0FE5A000 [FC]: D007F81D?
PageMap 0FE5C000 [FC]: D007F81E?
PageMap 0FE5E000 [FC]: D007F81F?
PageMap 0FE60000 [FB]: D30007FF?
PageMap 0FE62000 [FB]: F0000FB1?
PageMap 0FE64000 [FB]: 20000000?
PageMap 0FE66000 [FB]: 20000000?
PageMap 0FE68000 [FB]: 20000000?
PageMap 0FE6A000 [FB]: 20000000?
PageMap 0FE6C000 [FB]: 20000000?
PageMap 0FE6E000 [FB]: 20000000?
PageMap 0FE70000 [FB]: 20000000?
PageMap 0FE72000 [FB]: 20000000?
PageMap 0FE74000 [FB]: 20000000?
PageMap 0FE76000 [FB]: 20000000?
PageMap 0FE78000 [FB]: 20000000?
PageMap 0FE7A000 [FB]: 20000000?
PageMap 0FE7C000 [FB]: 20000000?
PageMap 0FE7E000 [FB]: 20000000?
PageMap 0FE80000 [FA]: 20000000?
PageMap 0FE82000 [FA]: 20000000?
PageMap 0FE84000 [FA]: 20000000?
PageMap 0FE86000 [FA]: 20000000?
PageMap 0FE88000 [FA]: 20000000?
PageMap 0FE8A000 [FA]: 20000000?
PageMap 0FE8C000 [FA]: 20000000?
PageMap 0FE8E000 [FA]: 20000000?
PageMap 0FE90000 [FA]: 20000000?
PageMap 0FE92000 [FA]: 20000000?
PageMap 0FE94000 [FA]: 20000000?
PageMap 0FE96000 [FA]: 20000000?
PageMap 0FE98000 [FA]: 20000000?
PageMap 0FE9A000 [FA]: 20000000?
PageMap 0FE9C000 [FA]: 20000000?
PageMap 0FE9E000 [FA]: 20000000?
PageMap 0FEA0000 [F9]: D007FB00?
PageMap 0FEA2000 [F9]: D007FB01?
PageMap 0FEA4000 [F9]: D007FB02?
PageMap 0FEA6000 [F9]: D007FB03?
PageMap 0FEA8000 [F9]: D007FB04?
PageMap 0FEAA000 [F9]: D007FB05?
PageMap 0FEAC000 [F9]: D007FB06?
PageMap 0FEAE000 [F9]: D007FB07?
PageMap 0FEB0000 [F9]: D007FB08?
PageMap 0FEB2000 [F9]: D007FB09?
PageMap 0FEB4000 [F9]: D007FB0A?
PageMap 0FEB6000 [F9]: D007FB0B?
PageMap 0FEB8000 [F9]: D007FB0C?
PageMap 0FEBA000 [F9]: D007FB0D?
PageMap 0FEBC000 [F9]: D007FB0E?
PageMap 0FEBE000 [F9]: D007FB0F?
PageMap 0FEC0000 [FF]: 20000000?
PageMap 0FEC2000 [FF]: 20000000?
PageMap 0FEC4000 [FF]: 20000000?
PageMap 0FEC6000 [FF]: 20000000?
PageMap 0FEC8000 [FF]: 20000000?
PageMap 0FECA000 [FF]: 20000000?
PageMap 0FECC000 [FF]: 20000000?
PageMap 0FECE000 [FF]: 20000000?
PageMap 0FED0000 [FF]: 20000000?
PageMap 0FED2000 [FF]: 20000000?
PageMap 0FED4000 [FF]: 20000000?
PageMap 0FED6000 [FF]: 20000000?
PageMap 0FED8000 [FF]: 20000000?
PageMap 0FEDA000 [FF]: 20000000?
PageMap 0FEDC000 [FF]: 20000000?
PageMap 0FEDE000 [FF]: 20000000?
PageMap 0FEE0000 [F7]: F0000F70?
PageMap 0FEE2000 [F7]: F0000F71?
PageMap 0FEE4000 [F7]: F0000F72?
PageMap 0FEE6000 [F7]: F0000F73?
PageMap 0FEE8000 [F7]: F0000F74?
PageMap 0FEEA000 [F7]: F0000F75?
PageMap 0FEEC000 [F7]: F0000F76?
PageMap 0FEEE000 [F7]: F0000F77?
PageMap 0FEF0000 [F7]: D6000080?
PageMap 0FEF2000 [F7]: D6000081?
PageMap 0FEF4000 [F7]: D6000082?
PageMap 0FEF6000 [F7]: D6000083?
PageMap 0FEF8000 [F7]: D4000084?
PageMap 0FEFA000 [F7]: D6000085?
PageMap 0FEFC000 [F7]: D6000086?
PageMap 0FEFE000 [F7]: D6000087?
PageMap 0FF00000 [F6]: F30007FD?
PageMap 0FF02000 [F6]: F30007FC?
PageMap 0FF04000 [F6]: F0000F62?
PageMap 0FF06000 [F6]: F0000F63?
PageMap 0FF08000 [F6]: F0000F64?
PageMap 0FF0A000 [F6]: F0000F65?
PageMap 0FF0C000 [F6]: F0000F66?
PageMap 0FF0E000 [F6]: F0000F67?
PageMap 0FF10000 [F6]: F0000F68?
PageMap 0FF12000 [F6]: F0000F69?
PageMap 0FF14000 [F6]: F0000F6A?
PageMap 0FF16000 [F6]: F0000F6B?
PageMap 0FF18000 [F6]: F0000F6C?
PageMap 0FF1A000 [F6]: F0000F6D?
PageMap 0FF1C000 [F6]: F0000F6E?
PageMap 0FF1E000 [F6]: F0000F6F?
PageMap 0FF20000 [F5]: F0000F50?
PageMap 0FF22000 [F5]: F0000F51?
PageMap 0FF24000 [F5]: F0000F52?
PageMap 0FF26000 [F5]: F0000F53?
PageMap 0FF28000 [F5]: F0000F54?
PageMap 0FF2A000 [F5]: F0000F55?
PageMap 0FF2C000 [F5]: F0000F56?
PageMap 0FF2E000 [F5]: F0000F57?
PageMap 0FF30000 [F5]: F0000F58?
PageMap 0FF32000 [F5]: F0000F59?
PageMap 0FF34000 [F5]: F0000F5A?
PageMap 0FF36000 [F5]: F0000F5B?
PageMap 0FF38000 [F5]: F0000F5C?
PageMap 0FF3A000 [F5]: F0000F5D?
PageMap 0FF3C000 [F5]: F0000F5E?
PageMap 0FF3E000 [F5]: F0000F5F?
PageMap 0FF40000 [F4]: F0000F40?
PageMap 0FF42000 [F4]: F0000F41?
PageMap 0FF44000 [F4]: F0000F42?
PageMap 0FF46000 [F4]: F0000F43?
PageMap 0FF48000 [F4]: F0000F44?
PageMap 0FF4A000 [F4]: F0000F45?
PageMap 0FF4C000 [F4]: F0000F46?
PageMap 0FF4E000 [F4]: F0000F47?
PageMap 0FF50000 [F4]: F0000F48?
PageMap 0FF52000 [F4]: F0000F49?
PageMap 0FF54000 [F4]: F0000F4A?
PageMap 0FF56000 [F4]: F0000F4B?
PageMap 0FF58000 [F4]: F0000F4C?
PageMap 0FF5A000 [F4]: F0000F4D?
PageMap 0FF5C000 [F4]: F0000F4E?
PageMap 0FF5E000 [F4]: F0000F4F?
PageMap 0FF60000 [F3]: F0000F30?
PageMap 0FF62000 [F3]: F0000F31?
PageMap 0FF64000 [F3]: F0000F32?
PageMap 0FF66000 [F3]: F0000F33?
PageMap 0FF68000 [F3]: F0000F34?
PageMap 0FF6A000 [F3]: F0000F35?
PageMap 0FF6C000 [F3]: F0000F36?
PageMap 0FF6E000 [F3]: F0000F37?
PageMap 0FF70000 [F3]: F0000F38?
PageMap 0FF72000 [F3]: F0000F39?
PageMap 0FF74000 [F3]: F0000F3A?
PageMap 0FF76000 [F3]: F0000F3B?
PageMap 0FF78000 [F3]: F0000F3C?
PageMap 0FF7A000 [F3]: F0000F3D?
PageMap 0FF7C000 [F3]: F0000F3E?
PageMap 0FF7E000 [F3]: F0000F3F?
PageMap 0FF80000 [FF]: 20000000?
PageMap 0FF82000 [FF]: 20000000?
PageMap 0FF84000 [FF]: 20000000?
PageMap 0FF86000 [FF]: 20000000?
PageMap 0FF88000 [FF]: 20000000?
PageMap 0FF8A000 [FF]: 20000000?
PageMap 0FF8C000 [FF]: 20000000?
PageMap 0FF8E000 [FF]: 20000000?
PageMap 0FF90000 [FF]: 20000000?
PageMap 0FF92000 [FF]: 20000000?
PageMap 0FF94000 [FF]: 20000000?
PageMap 0FF96000 [FF]: 20000000?
PageMap 0FF98000 [FF]: 20000000?
PageMap 0FF9A000 [FF]: 20000000?
PageMap 0FF9C000 [FF]: 20000000?
PageMap 0FF9E000 [FF]: 20000000?
PageMap 0FFA0000 [FF]: 20000000?
PageMap 0FFA2000 [FF]: 20000000?
PageMap 0FFA4000 [FF]: 20000000?
PageMap 0FFA6000 [FF]: 20000000?
PageMap 0FFA8000 [FF]: 20000000?
PageMap 0FFAA000 [FF]: 20000000?
PageMap 0FFAC000 [FF]: 20000000?
PageMap 0FFAE000 [FF]: 20000000?
PageMap 0FFB0000 [FF]: 20000000?
PageMap 0FFB2000 [FF]: 20000000?
PageMap 0FFB4000 [FF]: 20000000?
PageMap 0FFB6000 [FF]: 20000000?
PageMap 0FFB8000 [FF]: 20000000?
PageMap 0FFBA000 [FF]: 20000000?
PageMap 0FFBC000 [FF]: 20000000?
PageMap 0FFBE000 [FF]: 20000000?
PageMap 0FFC0000 [FF]: 20000000?
PageMap 0FFC2000 [FF]: 20000000?
PageMap 0FFC4000 [FF]: 20000000?
PageMap 0FFC6000 [FF]: 20000000?
PageMap 0FFC8000 [FF]: 20000000?
PageMap 0FFCA000 [FF]: 20000000?
PageMap 0FFCC000 [FF]: 20000000?
PageMap 0FFCE000 [FF]: 20000000?
PageMap 0FFD0000 [FF]: 20000000?
PageMap 0FFD2000 [FF]: 20000000?
PageMap 0FFD4000 [FF]: 20000000?
PageMap 0FFD6000 [FF]: 20000000?
PageMap 0FFD8000 [FF]: 20000000?
PageMap 0FFDA000 [FF]: 20000000?
PageMap 0FFDC000 [FF]: 20000000?
PageMap 0FFDE000 [FF]: 20000000?
PageMap 0FFE0000 [F8]: F0000F80?
PageMap 0FFE2000 [F8]: F0000F81?
PageMap 0FFE4000 [F8]: F0000F82?
PageMap 0FFE6000 [F8]: F0000F83?
PageMap 0FFE8000 [F8]: F0000F84?
PageMap 0FFEA000 [F8]: F0000F85?
PageMap 0FFEC000 [F8]: F0000F86?
PageMap 0FFEE000 [F8]: F0000F87?
PageMap 0FFF0000 [F8]: F0000F88?
PageMap 0FFF2000 [F8]: F3000F89?
PageMap 0FFF4000 [F8]: F0000F8A?
PageMap 0FFF6000 [F8]: F0000F8B?
PageMap 0FFF8000 [F8]: F0000F8C?
PageMap 0FFFA000 [F8]: F0000F8D?
PageMap 0FFFC000 [F8]: F0000F8E?
PageMap 0FFFE000 [F8]: D30007FE?
>
