>
SegMap 00000000: 00?
SegMap 00020000: 01?
SegMap 00040000: 02?
SegMap 00060000: 03?
SegMap 00080000: 04?
SegMap 000A0000: 05?
SegMap 000C0000: 06?
SegMap 000E0000: 07?
SegMap 00100000: 08?
SegMap 00120000: 09?
SegMap 00140000: 0A?
SegMap 00160000: 0B?
SegMap 00180000: 0C?
SegMap 001A0000: 0D?
SegMap 001C0000: 0E?
SegMap 001E0000: 0F?
SegMap 00200000: 10?
SegMap 00220000: 11?
SegMap 00240000: 12?
SegMap 00260000: 13?
SegMap 00280000: 14?
SegMap 002A0000: 15?
SegMap 002C0000: 16?
SegMap 002E0000: 17?
SegMap 00300000: 18?
SegMap 00320000: 19?
SegMap 00340000: 1A?
SegMap 00360000: 1B?
SegMap 00380000: 1C?
SegMap 003A0000: 1D?
SegMap 003C0000: 1E?
SegMap 003E0000: 1F?
SegMap 00400000: 20?
SegMap 00420000: 21?
SegMap 00440000: 22?
SegMap 00460000: 23?
SegMap 00480000: 24?
SegMap 004A0000: 25?
SegMap 004C0000: 26?
SegMap 004E0000: 27?
SegMap 00500000: 28?
SegMap 00520000: 29?
SegMap 00540000: 2A?
SegMap 00560000: 2B?
SegMap 00580000: 2C?
SegMap 005A0000: 2D?
SegMap 005C0000: 2E?
SegMap 005E0000: 2F?
SegMap 00600000: 30?
SegMap 00620000: 31?
SegMap 00640000: 32?
SegMap 00660000: 33?
SegMap 00680000: 34?
SegMap 006A0000: 35?
SegMap 006C0000: 36?
SegMap 006E0000: 37?
SegMap 00700000: 38?
SegMap 00720000: 39?
SegMap 00740000: 3A?
SegMap 00760000: 3B?
SegMap 00780000: 3C?
SegMap 007A0000: 3D?
SegMap 007C0000: 3E?
SegMap 007E0000: 3F?
SegMap 00800000: FF?
SegMap 00820000: FF?
SegMap 00840000: FF?
SegMap 00860000: FF?
SegMap 00880000: FF?
SegMap 008A0000: FF?
SegMap 008C0000: FF?
SegMap 008E0000: FF?
SegMap 00900000: FF?
SegMap 00920000: FF?
SegMap 00940000: FF?
SegMap 00960000: FF?
SegMap 00980000: FF?
SegMap 009A0000: FF?
SegMap 009C0000: FF?
SegMap 009E0000: FF?
SegMap 00A00000: FF?
SegMap 00A20000: FF?
SegMap 00A40000: FF?
SegMap 00A60000: FF?
SegMap 00A80000: FF?
SegMap 00AA0000: FF?
SegMap 00AC0000: FF?
SegMap 00AE0000: FF?
SegMap 00B00000: FF?
SegMap 00B20000: FF?
SegMap 00B40000: FF?
SegMap 00B60000: FF?
SegMap 00B80000: FF?
SegMap 00BA0000: FF?
SegMap 00BC0000: FF?
SegMap 00BE0000: FF?
SegMap 00C00000: FF?
SegMap 00C20000: FF?
SegMap 00C40000: FF?
SegMap 00C60000: FF?
SegMap 00C80000: FF?
SegMap 00CA0000: FF?
SegMap 00CC0000: FF?
SegMap 00CE0000: FF?
SegMap 00D00000: FF?
SegMap 00D20000: FF?
SegMap 00D40000: FF?
SegMap 00D60000: FF?
SegMap 00D80000: FF?
SegMap 00DA0000: FF?
SegMap 00DC0000: FF?
SegMap 00DE0000: FF?
SegMap 00E00000: FF?
SegMap 00E20000: FF?
SegMap 00E40000: FF?
SegMap 00E60000: FF?
SegMap 00E80000: FF?
SegMap 00EA0000: FF?
SegMap 00EC0000: FF?
SegMap 00EE0000: FF?
SegMap 00F00000: FF?
SegMap 00F20000: FF?
SegMap 00F40000: FF?
SegMap 00F60000: FF?
SegMap 00F80000: FF?
SegMap 00FA0000: FF?
SegMap 00FC0000: FF?
SegMap 00FE0000: FF?
SegMap 01000000: FF?
SegMap 01020000: FF?
SegMap 01040000: FF?
SegMap 01060000: FF?
SegMap 01080000: FF?
SegMap 010A0000: FF?
SegMap 010C0000: FF?
SegMap 010E0000: FF?
SegMap 01100000: FF?
SegMap 01120000: FF?
SegMap 01140000: FF?
SegMap 01160000: FF?
SegMap 01180000: FF?
SegMap 011A0000: FF?
SegMap 011C0000: FF?
SegMap 011E0000: FF?
SegMap 01200000: FF?
SegMap 01220000: FF?
SegMap 01240000: FF?
SegMap 01260000: FF?
SegMap 01280000: FF?
SegMap 012A0000: FF?
SegMap 012C0000: FF?
SegMap 012E0000: FF?
SegMap 01300000: FF?
SegMap 01320000: FF?
SegMap 01340000: FF?
SegMap 01360000: FF?
SegMap 01380000: FF?
SegMap 013A0000: FF?
SegMap 013C0000: FF?
SegMap 013E0000: FF?
SegMap 01400000: FF?
SegMap 01420000: FF?
SegMap 01440000: FF?
SegMap 01460000: FF?
SegMap 01480000: FF?
SegMap 014A0000: FF?
SegMap 014C0000: FF?
SegMap 014E0000: FF?
SegMap 01500000: FF?
SegMap 01520000: FF?
SegMap 01540000: FF?
SegMap 01560000: FF?
SegMap 01580000: FF?
SegMap 015A0000: FF?
SegMap 015C0000: FF?
SegMap 015E0000: FF?
SegMap 01600000: FF?
SegMap 01620000: FF?
SegMap 01640000: FF?
SegMap 01660000: FF?
SegMap 01680000: FF?
SegMap 016A0000: FF?
SegMap 016C0000: FF?
SegMap 016E0000: FF?
SegMap 01700000: FF?
SegMap 01720000: FF?
SegMap 01740000: FF?
SegMap 01760000: FF?
SegMap 01780000: FF?
SegMap 017A0000: FF?
SegMap 017C0000: FF?
SegMap 017E0000: FF?
SegMap 01800000: FF?
SegMap 01820000: FF?
SegMap 01840000: FF?
SegMap 01860000: FF?
SegMap 01880000: FF?
SegMap 018A0000: FF?
SegMap 018C0000: FF?
SegMap 018E0000: FF?
SegMap 01900000: FF?
SegMap 01920000: FF?
SegMap 01940000: FF?
SegMap 01960000: FF?
SegMap 01980000: FF?
SegMap 019A0000: FF?
SegMap 019C0000: FF?
SegMap 019E0000: FF?
SegMap 01A00000: FF?
SegMap 01A20000: FF?
SegMap 01A40000: FF?
SegMap 01A60000: FF?
SegMap 01A80000: FF?
SegMap 01AA0000: FF?
SegMap 01AC0000: FF?
SegMap 01AE0000: FF?
SegMap 01B00000: FF?
SegMap 01B20000: FF?
SegMap 01B40000: FF?
SegMap 01B60000: FF?
SegMap 01B80000: FF?
SegMap 01BA0000: FF?
SegMap 01BC0000: FF?
SegMap 01BE0000: FF?
SegMap 01C00000: FF?
SegMap 01C20000: FF?
SegMap 01C40000: FF?
SegMap 01C60000: FF?
SegMap 01C80000: FF?
SegMap 01CA0000: FF?
SegMap 01CC0000: FF?
SegMap 01CE0000: FF?
SegMap 01D00000: FF?
SegMap 01D20000: FF?
SegMap 01D40000: FF?
SegMap 01D60000: FF?
SegMap 01D80000: FF?
SegMap 01DA0000: FF?
SegMap 01DC0000: FF?
SegMap 01DE0000: FF?
SegMap 01E00000: FF?
SegMap 01E20000: FF?
SegMap 01E40000: FF?
SegMap 01E60000: FF?
SegMap 01E80000: FF?
SegMap 01EA0000: FF?
SegMap 01EC0000: FF?
SegMap 01EE0000: FF?
SegMap 01F00000: FF?
SegMap 01F20000: FF?
SegMap 01F40000: FF?
SegMap 01F60000: FF?
SegMap 01F80000: FF?
SegMap 01FA0000: FF?
SegMap 01FC0000: FF?
SegMap 01FE0000: FF?
SegMap 02000000: FF?
SegMap 02020000: FF?
SegMap 02040000: FF?
SegMap 02060000: FF?
SegMap 02080000: FF?
SegMap 020A0000: FF?
SegMap 020C0000: FF?
SegMap 020E0000: FF?
SegMap 02100000: FF?
SegMap 02120000: FF?
SegMap 02140000: FF?
SegMap 02160000: FF?
SegMap 02180000: FF?
SegMap 021A0000: FF?
SegMap 021C0000: FF?
SegMap 021E0000: FF?
SegMap 02200000: FF?
SegMap 02220000: FF?
SegMap 02240000: FF?
SegMap 02260000: FF?
SegMap 02280000: FF?
SegMap 022A0000: FF?
SegMap 022C0000: FF?
SegMap 022E0000: FF?
SegMap 02300000: FF?
SegMap 02320000: FF?
SegMap 02340000: FF?
SegMap 02360000: FF?
SegMap 02380000: FF?
SegMap 023A0000: FF?
SegMap 023C0000: FF?
SegMap 023E0000: FF?
SegMap 02400000: FF?
SegMap 02420000: FF?
SegMap 02440000: FF?
SegMap 02460000: FF?
SegMap 02480000: FF?
SegMap 024A0000: FF?
SegMap 024C0000: FF?
SegMap 024E0000: FF?
SegMap 02500000: FF?
SegMap 02520000: FF?
SegMap 02540000: FF?
SegMap 02560000: FF?
SegMap 02580000: FF?
SegMap 025A0000: FF?
SegMap 025C0000: FF?
SegMap 025E0000: FF?
SegMap 02600000: FF?
SegMap 02620000: FF?
SegMap 02640000: FF?
SegMap 02660000: FF?
SegMap 02680000: FF?
SegMap 026A0000: FF?
SegMap 026C0000: FF?
SegMap 026E0000: FF?
SegMap 02700000: FF?
SegMap 02720000: FF?
SegMap 02740000: FF?
SegMap 02760000: FF?
SegMap 02780000: FF?
SegMap 027A0000: FF?
SegMap 027C0000: FF?
SegMap 027E0000: FF?
SegMap 02800000: FF?
SegMap 02820000: FF?
SegMap 02840000: FF?
SegMap 02860000: FF?
SegMap 02880000: FF?
SegMap 028A0000: FF?
SegMap 028C0000: FF?
SegMap 028E0000: FF?
SegMap 02900000: FF?
SegMap 02920000: FF?
SegMap 02940000: FF?
SegMap 02960000: FF?
SegMap 02980000: FF?
SegMap 029A0000: FF?
SegMap 029C0000: FF?
SegMap 029E0000: FF?
SegMap 02A00000: FF?
SegMap 02A20000: FF?
SegMap 02A40000: FF?
SegMap 02A60000: FF?
SegMap 02A80000: FF?
SegMap 02AA0000: FF?
SegMap 02AC0000: FF?
SegMap 02AE0000: FF?
SegMap 02B00000: FF?
SegMap 02B20000: FF?
SegMap 02B40000: FF?
SegMap 02B60000: FF?
SegMap 02B80000: FF?
SegMap 02BA0000: FF?
SegMap 02BC0000: FF?
SegMap 02BE0000: FF?
SegMap 02C00000: FF?
SegMap 02C20000: FF?
SegMap 02C40000: FF?
SegMap 02C60000: FF?
SegMap 02C80000: FF?
SegMap 02CA0000: FF?
SegMap 02CC0000: FF?
SegMap 02CE0000: FF?
SegMap 02D00000: FF?
SegMap 02D20000: FF?
SegMap 02D40000: FF?
SegMap 02D60000: FF?
SegMap 02D80000: FF?
SegMap 02DA0000: FF?
SegMap 02DC0000: FF?
SegMap 02DE0000: FF?
SegMap 02E00000: FF?
SegMap 02E20000: FF?
SegMap 02E40000: FF?
SegMap 02E60000: FF?
SegMap 02E80000: FF?
SegMap 02EA0000: FF?
SegMap 02EC0000: FF?
SegMap 02EE0000: FF?
SegMap 02F00000: FF?
SegMap 02F20000: FF?
SegMap 02F40000: FF?
SegMap 02F60000: FF?
SegMap 02F80000: FF?
SegMap 02FA0000: FF?
SegMap 02FC0000: FF?
SegMap 02FE0000: FF?
SegMap 03000000: FF?
SegMap 03020000: FF?
SegMap 03040000: FF?
SegMap 03060000: FF?
SegMap 03080000: FF?
SegMap 030A0000: FF?
SegMap 030C0000: FF?
SegMap 030E0000: FF?
SegMap 03100000: FF?
SegMap 03120000: FF?
SegMap 03140000: FF?
SegMap 03160000: FF?
SegMap 03180000: FF?
SegMap 031A0000: FF?
SegMap 031C0000: FF?
SegMap 031E0000: FF?
SegMap 03200000: FF?
SegMap 03220000: FF?
SegMap 03240000: FF?
SegMap 03260000: FF?
SegMap 03280000: FF?
SegMap 032A0000: FF?
SegMap 032C0000: FF?
SegMap 032E0000: FF?
SegMap 03300000: FF?
SegMap 03320000: FF?
SegMap 03340000: FF?
SegMap 03360000: FF?
SegMap 03380000: FF?
SegMap 033A0000: FF?
SegMap 033C0000: FF?
SegMap 033E0000: FF?
SegMap 03400000: FF?
SegMap 03420000: FF?
SegMap 03440000: FF?
SegMap 03460000: FF?
SegMap 03480000: FF?
SegMap 034A0000: FF?
SegMap 034C0000: FF?
SegMap 034E0000: FF?
SegMap 03500000: FF?
SegMap 03520000: FF?
SegMap 03540000: FF?
SegMap 03560000: FF?
SegMap 03580000: FF?
SegMap 035A0000: FF?
SegMap 035C0000: FF?
SegMap 035E0000: FF?
SegMap 03600000: FF?
SegMap 03620000: FF?
SegMap 03640000: FF?
SegMap 03660000: FF?
SegMap 03680000: FF?
SegMap 036A0000: FF?
SegMap 036C0000: FF?
SegMap 036E0000: FF?
SegMap 03700000: FF?
SegMap 03720000: FF?
SegMap 03740000: FF?
SegMap 03760000: FF?
SegMap 03780000: FF?
SegMap 037A0000: FF?
SegMap 037C0000: FF?
SegMap 037E0000: FF?
SegMap 03800000: FF?
SegMap 03820000: FF?
SegMap 03840000: FF?
SegMap 03860000: FF?
SegMap 03880000: FF?
SegMap 038A0000: FF?
SegMap 038C0000: FF?
SegMap 038E0000: FF?
SegMap 03900000: FF?
SegMap 03920000: FF?
SegMap 03940000: FF?
SegMap 03960000: FF?
SegMap 03980000: FF?
SegMap 039A0000: FF?
SegMap 039C0000: FF?
SegMap 039E0000: FF?
SegMap 03A00000: FF?
SegMap 03A20000: FF?
SegMap 03A40000: FF?
SegMap 03A60000: FF?
SegMap 03A80000: FF?
SegMap 03AA0000: FF?
SegMap 03AC0000: FF?
SegMap 03AE0000: FF?
SegMap 03B00000: FF?
SegMap 03B20000: FF?
SegMap 03B40000: FF?
SegMap 03B60000: FF?
SegMap 03B80000: FF?
SegMap 03BA0000: FF?
SegMap 03BC0000: FF?
SegMap 03BE0000: FF?
SegMap 03C00000: FF?
SegMap 03C20000: FF?
SegMap 03C40000: FF?
SegMap 03C60000: FF?
SegMap 03C80000: FF?
SegMap 03CA0000: FF?
SegMap 03CC0000: FF?
SegMap 03CE0000: FF?
SegMap 03D00000: FF?
SegMap 03D20000: FF?
SegMap 03D40000: FF?
SegMap 03D60000: FF?
SegMap 03D80000: FF?
SegMap 03DA0000: FF?
SegMap 03DC0000: FF?
SegMap 03DE0000: FF?
SegMap 03E00000: FF?
SegMap 03E20000: FF?
SegMap 03E40000: FF?
SegMap 03E60000: FF?
SegMap 03E80000: FF?
SegMap 03EA0000: FF?
SegMap 03EC0000: FF?
SegMap 03EE0000: FF?
SegMap 03F00000: FF?
SegMap 03F20000: FF?
SegMap 03F40000: FF?
SegMap 03F60000: FF?
SegMap 03F80000: FF?
SegMap 03FA0000: FF?
SegMap 03FC0000: FF?
SegMap 03FE0000: FF?
SegMap 04000000: FF?
SegMap 04020000: FF?
SegMap 04040000: FF?
SegMap 04060000: FF?
SegMap 04080000: FF?
SegMap 040A0000: FF?
SegMap 040C0000: FF?
SegMap 040E0000: FF?
SegMap 04100000: FF?
SegMap 04120000: FF?
SegMap 04140000: FF?
SegMap 04160000: FF?
SegMap 04180000: FF?
SegMap 041A0000: FF?
SegMap 041C0000: FF?
SegMap 041E0000: FF?
SegMap 04200000: FF?
SegMap 04220000: FF?
SegMap 04240000: FF?
SegMap 04260000: FF?
SegMap 04280000: FF?
SegMap 042A0000: FF?
SegMap 042C0000: FF?
SegMap 042E0000: FF?
SegMap 04300000: FF?
SegMap 04320000: FF?
SegMap 04340000: FF?
SegMap 04360000: FF?
SegMap 04380000: FF?
SegMap 043A0000: FF?
SegMap 043C0000: FF?
SegMap 043E0000: FF?
SegMap 04400000: FF?
SegMap 04420000: FF?
SegMap 04440000: FF?
SegMap 04460000: FF?
SegMap 04480000: FF?
SegMap 044A0000: FF?
SegMap 044C0000: FF?
SegMap 044E0000: FF?
SegMap 04500000: FF?
SegMap 04520000: FF?
SegMap 04540000: FF?
SegMap 04560000: FF?
SegMap 04580000: FF?
SegMap 045A0000: FF?
SegMap 045C0000: FF?
SegMap 045E0000: FF?
SegMap 04600000: FF?
SegMap 04620000: FF?
SegMap 04640000: FF?
SegMap 04660000: FF?
SegMap 04680000: FF?
SegMap 046A0000: FF?
SegMap 046C0000: FF?
SegMap 046E0000: FF?
SegMap 04700000: FF?
SegMap 04720000: FF?
SegMap 04740000: FF?
SegMap 04760000: FF?
SegMap 04780000: FF?
SegMap 047A0000: FF?
SegMap 047C0000: FF?
SegMap 047E0000: FF?
SegMap 04800000: FF?
SegMap 04820000: FF?
SegMap 04840000: FF?
SegMap 04860000: FF?
SegMap 04880000: FF?
SegMap 048A0000: FF?
SegMap 048C0000: FF?
SegMap 048E0000: FF?
SegMap 04900000: FF?
SegMap 04920000: FF?
SegMap 04940000: FF?
SegMap 04960000: FF?
SegMap 04980000: FF?
SegMap 049A0000: FF?
SegMap 049C0000: FF?
SegMap 049E0000: FF?
SegMap 04A00000: FF?
SegMap 04A20000: FF?
SegMap 04A40000: FF?
SegMap 04A60000: FF?
SegMap 04A80000: FF?
SegMap 04AA0000: FF?
SegMap 04AC0000: FF?
SegMap 04AE0000: FF?
SegMap 04B00000: FF?
SegMap 04B20000: FF?
SegMap 04B40000: FF?
SegMap 04B60000: FF?
SegMap 04B80000: FF?
SegMap 04BA0000: FF?
SegMap 04BC0000: FF?
SegMap 04BE0000: FF?
SegMap 04C00000: FF?
SegMap 04C20000: FF?
SegMap 04C40000: FF?
SegMap 04C60000: FF?
SegMap 04C80000: FF?
SegMap 04CA0000: FF?
SegMap 04CC0000: FF?
SegMap 04CE0000: FF?
SegMap 04D00000: FF?
SegMap 04D20000: FF?
SegMap 04D40000: FF?
SegMap 04D60000: FF?
SegMap 04D80000: FF?
SegMap 04DA0000: FF?
SegMap 04DC0000: FF?
SegMap 04DE0000: FF?
SegMap 04E00000: FF?
SegMap 04E20000: FF?
SegMap 04E40000: FF?
SegMap 04E60000: FF?
SegMap 04E80000: FF?
SegMap 04EA0000: FF?
SegMap 04EC0000: FF?
SegMap 04EE0000: FF?
SegMap 04F00000: FF?
SegMap 04F20000: FF?
SegMap 04F40000: FF?
SegMap 04F60000: FF?
SegMap 04F80000: FF?
SegMap 04FA0000: FF?
SegMap 04FC0000: FF?
SegMap 04FE0000: FF?
SegMap 05000000: FF?
SegMap 05020000: FF?
SegMap 05040000: FF?
SegMap 05060000: FF?
SegMap 05080000: FF?
SegMap 050A0000: FF?
SegMap 050C0000: FF?
SegMap 050E0000: FF?
SegMap 05100000: FF?
SegMap 05120000: FF?
SegMap 05140000: FF?
SegMap 05160000: FF?
SegMap 05180000: FF?
SegMap 051A0000: FF?
SegMap 051C0000: FF?
SegMap 051E0000: FF?
SegMap 05200000: FF?
SegMap 05220000: FF?
SegMap 05240000: FF?
SegMap 05260000: FF?
SegMap 05280000: FF?
SegMap 052A0000: FF?
SegMap 052C0000: FF?
SegMap 052E0000: FF?
SegMap 05300000: FF?
SegMap 05320000: FF?
SegMap 05340000: FF?
SegMap 05360000: FF?
SegMap 05380000: FF?
SegMap 053A0000: FF?
SegMap 053C0000: FF?
SegMap 053E0000: FF?
SegMap 05400000: FF?
SegMap 05420000: FF?
SegMap 05440000: FF?
SegMap 05460000: FF?
SegMap 05480000: FF?
SegMap 054A0000: FF?
SegMap 054C0000: FF?
SegMap 054E0000: FF?
SegMap 05500000: FF?
SegMap 05520000: FF?
SegMap 05540000: FF?
SegMap 05560000: FF?
SegMap 05580000: FF?
SegMap 055A0000: FF?
SegMap 055C0000: FF?
SegMap 055E0000: FF?
SegMap 05600000: FF?
SegMap 05620000: FF?
SegMap 05640000: FF?
SegMap 05660000: FF?
SegMap 05680000: FF?
SegMap 056A0000: FF?
SegMap 056C0000: FF?
SegMap 056E0000: FF?
SegMap 05700000: FF?
SegMap 05720000: FF?
SegMap 05740000: FF?
SegMap 05760000: FF?
SegMap 05780000: FF?
SegMap 057A0000: FF?
SegMap 057C0000: FF?
SegMap 057E0000: FF?
SegMap 05800000: FF?
SegMap 05820000: FF?
SegMap 05840000: FF?
SegMap 05860000: FF?
SegMap 05880000: FF?
SegMap 058A0000: FF?
SegMap 058C0000: FF?
SegMap 058E0000: FF?
SegMap 05900000: FF?
SegMap 05920000: FF?
SegMap 05940000: FF?
SegMap 05960000: FF?
SegMap 05980000: FF?
SegMap 059A0000: FF?
SegMap 059C0000: FF?
SegMap 059E0000: FF?
SegMap 05A00000: FF?
SegMap 05A20000: FF?
SegMap 05A40000: FF?
SegMap 05A60000: FF?
SegMap 05A80000: FF?
SegMap 05AA0000: FF?
SegMap 05AC0000: FF?
SegMap 05AE0000: FF?
SegMap 05B00000: FF?
SegMap 05B20000: FF?
SegMap 05B40000: FF?
SegMap 05B60000: FF?
SegMap 05B80000: FF?
SegMap 05BA0000: FF?
SegMap 05BC0000: FF?
SegMap 05BE0000: FF?
SegMap 05C00000: FF?
SegMap 05C20000: FF?
SegMap 05C40000: FF?
SegMap 05C60000: FF?
SegMap 05C80000: FF?
SegMap 05CA0000: FF?
SegMap 05CC0000: FF?
SegMap 05CE0000: FF?
SegMap 05D00000: FF?
SegMap 05D20000: FF?
SegMap 05D40000: FF?
SegMap 05D60000: FF?
SegMap 05D80000: FF?
SegMap 05DA0000: FF?
SegMap 05DC0000: FF?
SegMap 05DE0000: FF?
SegMap 05E00000: FF?
SegMap 05E20000: FF?
SegMap 05E40000: FF?
SegMap 05E60000: FF?
SegMap 05E80000: FF?
SegMap 05EA0000: FF?
SegMap 05EC0000: FF?
SegMap 05EE0000: FF?
SegMap 05F00000: FF?
SegMap 05F20000: FF?
SegMap 05F40000: FF?
SegMap 05F60000: FF?
SegMap 05F80000: FF?
SegMap 05FA0000: FF?
SegMap 05FC0000: FF?
SegMap 05FE0000: FF?
SegMap 06000000: FF?
SegMap 06020000: FF?
SegMap 06040000: FF?
SegMap 06060000: FF?
SegMap 06080000: FF?
SegMap 060A0000: FF?
SegMap 060C0000: FF?
SegMap 060E0000: FF?
SegMap 06100000: FF?
SegMap 06120000: FF?
SegMap 06140000: FF?
SegMap 06160000: FF?
SegMap 06180000: FF?
SegMap 061A0000: FF?
SegMap 061C0000: FF?
SegMap 061E0000: FF?
SegMap 06200000: FF?
SegMap 06220000: FF?
SegMap 06240000: FF?
SegMap 06260000: FF?
SegMap 06280000: FF?
SegMap 062A0000: FF?
SegMap 062C0000: FF?
SegMap 062E0000: FF?
SegMap 06300000: FF?
SegMap 06320000: FF?
SegMap 06340000: FF?
SegMap 06360000: FF?
SegMap 06380000: FF?
SegMap 063A0000: FF?
SegMap 063C0000: FF?
SegMap 063E0000: FF?
SegMap 06400000: FF?
SegMap 06420000: FF?
SegMap 06440000: FF?
SegMap 06460000: FF?
SegMap 06480000: FF?
SegMap 064A0000: FF?
SegMap 064C0000: FF?
SegMap 064E0000: FF?
SegMap 06500000: FF?
SegMap 06520000: FF?
SegMap 06540000: FF?
SegMap 06560000: FF?
SegMap 06580000: FF?
SegMap 065A0000: FF?
SegMap 065C0000: FF?
SegMap 065E0000: FF?
SegMap 06600000: FF?
SegMap 06620000: FF?
SegMap 06640000: FF?
SegMap 06660000: FF?
SegMap 06680000: FF?
SegMap 066A0000: FF?
SegMap 066C0000: FF?
SegMap 066E0000: FF?
SegMap 06700000: FF?
SegMap 06720000: FF?
SegMap 06740000: FF?
SegMap 06760000: FF?
SegMap 06780000: FF?
SegMap 067A0000: FF?
SegMap 067C0000: FF?
SegMap 067E0000: FF?
SegMap 06800000: FF?
SegMap 06820000: FF?
SegMap 06840000: FF?
SegMap 06860000: FF?
SegMap 06880000: FF?
SegMap 068A0000: FF?
SegMap 068C0000: FF?
SegMap 068E0000: FF?
SegMap 06900000: FF?
SegMap 06920000: FF?
SegMap 06940000: FF?
SegMap 06960000: FF?
SegMap 06980000: FF?
SegMap 069A0000: FF?
SegMap 069C0000: FF?
SegMap 069E0000: FF?
SegMap 06A00000: FF?
SegMap 06A20000: FF?
SegMap 06A40000: FF?
SegMap 06A60000: FF?
SegMap 06A80000: FF?
SegMap 06AA0000: FF?
SegMap 06AC0000: FF?
SegMap 06AE0000: FF?
SegMap 06B00000: FF?
SegMap 06B20000: FF?
SegMap 06B40000: FF?
SegMap 06B60000: FF?
SegMap 06B80000: FF?
SegMap 06BA0000: FF?
SegMap 06BC0000: FF?
SegMap 06BE0000: FF?
SegMap 06C00000: FF?
SegMap 06C20000: FF?
SegMap 06C40000: FF?
SegMap 06C60000: FF?
SegMap 06C80000: FF?
SegMap 06CA0000: FF?
SegMap 06CC0000: FF?
SegMap 06CE0000: FF?
SegMap 06D00000: FF?
SegMap 06D20000: FF?
SegMap 06D40000: FF?
SegMap 06D60000: FF?
SegMap 06D80000: FF?
SegMap 06DA0000: FF?
SegMap 06DC0000: FF?
SegMap 06DE0000: FF?
SegMap 06E00000: FF?
SegMap 06E20000: FF?
SegMap 06E40000: FF?
SegMap 06E60000: FF?
SegMap 06E80000: FF?
SegMap 06EA0000: FF?
SegMap 06EC0000: FF?
SegMap 06EE0000: FF?
SegMap 06F00000: FF?
SegMap 06F20000: FF?
SegMap 06F40000: FF?
SegMap 06F60000: FF?
SegMap 06F80000: FF?
SegMap 06FA0000: FF?
SegMap 06FC0000: FF?
SegMap 06FE0000: FF?
SegMap 07000000: FF?
SegMap 07020000: FF?
SegMap 07040000: FF?
SegMap 07060000: FF?
SegMap 07080000: FF?
SegMap 070A0000: FF?
SegMap 070C0000: FF?
SegMap 070E0000: FF?
SegMap 07100000: FF?
SegMap 07120000: FF?
SegMap 07140000: FF?
SegMap 07160000: FF?
SegMap 07180000: FF?
SegMap 071A0000: FF?
SegMap 071C0000: FF?
SegMap 071E0000: FF?
SegMap 07200000: FF?
SegMap 07220000: FF?
SegMap 07240000: FF?
SegMap 07260000: FF?
SegMap 07280000: FF?
SegMap 072A0000: FF?
SegMap 072C0000: FF?
SegMap 072E0000: FF?
SegMap 07300000: FF?
SegMap 07320000: FF?
SegMap 07340000: FF?
SegMap 07360000: FF?
SegMap 07380000: FF?
SegMap 073A0000: FF?
SegMap 073C0000: FF?
SegMap 073E0000: FF?
SegMap 07400000: FF?
SegMap 07420000: FF?
SegMap 07440000: FF?
SegMap 07460000: FF?
SegMap 07480000: FF?
SegMap 074A0000: FF?
SegMap 074C0000: FF?
SegMap 074E0000: FF?
SegMap 07500000: FF?
SegMap 07520000: FF?
SegMap 07540000: FF?
SegMap 07560000: FF?
SegMap 07580000: FF?
SegMap 075A0000: FF?
SegMap 075C0000: FF?
SegMap 075E0000: FF?
SegMap 07600000: FF?
SegMap 07620000: FF?
SegMap 07640000: FF?
SegMap 07660000: FF?
SegMap 07680000: FF?
SegMap 076A0000: FF?
SegMap 076C0000: FF?
SegMap 076E0000: FF?
SegMap 07700000: FF?
SegMap 07720000: FF?
SegMap 07740000: FF?
SegMap 07760000: FF?
SegMap 07780000: FF?
SegMap 077A0000: FF?
SegMap 077C0000: FF?
SegMap 077E0000: FF?
SegMap 07800000: FF?
SegMap 07820000: FF?
SegMap 07840000: FF?
SegMap 07860000: FF?
SegMap 07880000: FF?
SegMap 078A0000: FF?
SegMap 078C0000: FF?
SegMap 078E0000: FF?
SegMap 07900000: FF?
SegMap 07920000: FF?
SegMap 07940000: FF?
SegMap 07960000: FF?
SegMap 07980000: FF?
SegMap 079A0000: FF?
SegMap 079C0000: FF?
SegMap 079E0000: FF?
SegMap 07A00000: FF?
SegMap 07A20000: FF?
SegMap 07A40000: FF?
SegMap 07A60000: FF?
SegMap 07A80000: FF?
SegMap 07AA0000: FF?
SegMap 07AC0000: FF?
SegMap 07AE0000: FF?
SegMap 07B00000: FF?
SegMap 07B20000: FF?
SegMap 07B40000: FF?
SegMap 07B60000: FF?
SegMap 07B80000: FF?
SegMap 07BA0000: FF?
SegMap 07BC0000: FF?
SegMap 07BE0000: FF?
SegMap 07C00000: FF?
SegMap 07C20000: FF?
SegMap 07C40000: FF?
SegMap 07C60000: FF?
SegMap 07C80000: FF?
SegMap 07CA0000: FF?
SegMap 07CC0000: FF?
SegMap 07CE0000: FF?
SegMap 07D00000: FF?
SegMap 07D20000: FF?
SegMap 07D40000: FF?
SegMap 07D60000: FF?
SegMap 07D80000: FF?
SegMap 07DA0000: FF?
SegMap 07DC0000: FF?
SegMap 07DE0000: FF?
SegMap 07E00000: FF?
SegMap 07E20000: FF?
SegMap 07E40000: FF?
SegMap 07E60000: FF?
SegMap 07E80000: FF?
SegMap 07EA0000: FF?
SegMap 07EC0000: FF?
SegMap 07EE0000: FF?
SegMap 07F00000: FF?
SegMap 07F20000: FF?
SegMap 07F40000: FF?
SegMap 07F60000: FF?
SegMap 07F80000: FF?
SegMap 07FA0000: FF?
SegMap 07FC0000: FF?
SegMap 07FE0000: FF?
SegMap 08000000: FF?
SegMap 08020000: FF?
SegMap 08040000: FF?
SegMap 08060000: FF?
SegMap 08080000: FF?
SegMap 080A0000: FF?
SegMap 080C0000: FF?
SegMap 080E0000: FF?
SegMap 08100000: FF?
SegMap 08120000: FF?
SegMap 08140000: FF?
SegMap 08160000: FF?
SegMap 08180000: FF?
SegMap 081A0000: FF?
SegMap 081C0000: FF?
SegMap 081E0000: FF?
SegMap 08200000: FF?
SegMap 08220000: FF?
SegMap 08240000: FF?
SegMap 08260000: FF?
SegMap 08280000: FF?
SegMap 082A0000: FF?
SegMap 082C0000: FF?
SegMap 082E0000: FF?
SegMap 08300000: FF?
SegMap 08320000: FF?
SegMap 08340000: FF?
SegMap 08360000: FF?
SegMap 08380000: FF?
SegMap 083A0000: FF?
SegMap 083C0000: FF?
SegMap 083E0000: FF?
SegMap 08400000: FF?
SegMap 08420000: FF?
SegMap 08440000: FF?
SegMap 08460000: FF?
SegMap 08480000: FF?
SegMap 084A0000: FF?
SegMap 084C0000: FF?
SegMap 084E0000: FF?
SegMap 08500000: FF?
SegMap 08520000: FF?
SegMap 08540000: FF?
SegMap 08560000: FF?
SegMap 08580000: FF?
SegMap 085A0000: FF?
SegMap 085C0000: FF?
SegMap 085E0000: FF?
SegMap 08600000: FF?
SegMap 08620000: FF?
SegMap 08640000: FF?
SegMap 08660000: FF?
SegMap 08680000: FF?
SegMap 086A0000: FF?
SegMap 086C0000: FF?
SegMap 086E0000: FF?
SegMap 08700000: FF?
SegMap 08720000: FF?
SegMap 08740000: FF?
SegMap 08760000: FF?
SegMap 08780000: FF?
SegMap 087A0000: FF?
SegMap 087C0000: FF?
SegMap 087E0000: FF?
SegMap 08800000: FF?
SegMap 08820000: FF?
SegMap 08840000: FF?
SegMap 08860000: FF?
SegMap 08880000: FF?
SegMap 088A0000: FF?
SegMap 088C0000: FF?
SegMap 088E0000: FF?
SegMap 08900000: FF?
SegMap 08920000: FF?
SegMap 08940000: FF?
SegMap 08960000: FF?
SegMap 08980000: FF?
SegMap 089A0000: FF?
SegMap 089C0000: FF?
SegMap 089E0000: FF?
SegMap 08A00000: FF?
SegMap 08A20000: FF?
SegMap 08A40000: FF?
SegMap 08A60000: FF?
SegMap 08A80000: FF?
SegMap 08AA0000: FF?
SegMap 08AC0000: FF?
SegMap 08AE0000: FF?
SegMap 08B00000: FF?
SegMap 08B20000: FF?
SegMap 08B40000: FF?
SegMap 08B60000: FF?
SegMap 08B80000: FF?
SegMap 08BA0000: FF?
SegMap 08BC0000: FF?
SegMap 08BE0000: FF?
SegMap 08C00000: FF?
SegMap 08C20000: FF?
SegMap 08C40000: FF?
SegMap 08C60000: FF?
SegMap 08C80000: FF?
SegMap 08CA0000: FF?
SegMap 08CC0000: FF?
SegMap 08CE0000: FF?
SegMap 08D00000: FF?
SegMap 08D20000: FF?
SegMap 08D40000: FF?
SegMap 08D60000: FF?
SegMap 08D80000: FF?
SegMap 08DA0000: FF?
SegMap 08DC0000: FF?
SegMap 08DE0000: FF?
SegMap 08E00000: FF?
SegMap 08E20000: FF?
SegMap 08E40000: FF?
SegMap 08E60000: FF?
SegMap 08E80000: FF?
SegMap 08EA0000: FF?
SegMap 08EC0000: FF?
SegMap 08EE0000: FF?
SegMap 08F00000: FF?
SegMap 08F20000: FF?
SegMap 08F40000: FF?
SegMap 08F60000: FF?
SegMap 08F80000: FF?
SegMap 08FA0000: FF?
SegMap 08FC0000: FF?
SegMap 08FE0000: FF?
SegMap 09000000: FF?
SegMap 09020000: FF?
SegMap 09040000: FF?
SegMap 09060000: FF?
SegMap 09080000: FF?
SegMap 090A0000: FF?
SegMap 090C0000: FF?
SegMap 090E0000: FF?
SegMap 09100000: FF?
SegMap 09120000: FF?
SegMap 09140000: FF?
SegMap 09160000: FF?
SegMap 09180000: FF?
SegMap 091A0000: FF?
SegMap 091C0000: FF?
SegMap 091E0000: FF?
SegMap 09200000: FF?
SegMap 09220000: FF?
SegMap 09240000: FF?
SegMap 09260000: FF?
SegMap 09280000: FF?
SegMap 092A0000: FF?
SegMap 092C0000: FF?
SegMap 092E0000: FF?
SegMap 09300000: FF?
SegMap 09320000: FF?
SegMap 09340000: FF?
SegMap 09360000: FF?
SegMap 09380000: FF?
SegMap 093A0000: FF?
SegMap 093C0000: FF?
SegMap 093E0000: FF?
SegMap 09400000: FF?
SegMap 09420000: FF?
SegMap 09440000: FF?
SegMap 09460000: FF?
SegMap 09480000: FF?
SegMap 094A0000: FF?
SegMap 094C0000: FF?
SegMap 094E0000: FF?
SegMap 09500000: FF?
SegMap 09520000: FF?
SegMap 09540000: FF?
SegMap 09560000: FF?
SegMap 09580000: FF?
SegMap 095A0000: FF?
SegMap 095C0000: FF?
SegMap 095E0000: FF?
SegMap 09600000: FF?
SegMap 09620000: FF?
SegMap 09640000: FF?
SegMap 09660000: FF?
SegMap 09680000: FF?
SegMap 096A0000: FF?
SegMap 096C0000: FF?
SegMap 096E0000: FF?
SegMap 09700000: FF?
SegMap 09720000: FF?
SegMap 09740000: FF?
SegMap 09760000: FF?
SegMap 09780000: FF?
SegMap 097A0000: FF?
SegMap 097C0000: FF?
SegMap 097E0000: FF?
SegMap 09800000: FF?
SegMap 09820000: FF?
SegMap 09840000: FF?
SegMap 09860000: FF?
SegMap 09880000: FF?
SegMap 098A0000: FF?
SegMap 098C0000: FF?
SegMap 098E0000: FF?
SegMap 09900000: FF?
SegMap 09920000: FF?
SegMap 09940000: FF?
SegMap 09960000: FF?
SegMap 09980000: FF?
SegMap 099A0000: FF?
SegMap 099C0000: FF?
SegMap 099E0000: FF?
SegMap 09A00000: FF?
SegMap 09A20000: FF?
SegMap 09A40000: FF?
SegMap 09A60000: FF?
SegMap 09A80000: FF?
SegMap 09AA0000: FF?
SegMap 09AC0000: FF?
SegMap 09AE0000: FF?
SegMap 09B00000: FF?
SegMap 09B20000: FF?
SegMap 09B40000: FF?
SegMap 09B60000: FF?
SegMap 09B80000: FF?
SegMap 09BA0000: FF?
SegMap 09BC0000: FF?
SegMap 09BE0000: FF?
SegMap 09C00000: FF?
SegMap 09C20000: FF?
SegMap 09C40000: FF?
SegMap 09C60000: FF?
SegMap 09C80000: FF?
SegMap 09CA0000: FF?
SegMap 09CC0000: FF?
SegMap 09CE0000: FF?
SegMap 09D00000: FF?
SegMap 09D20000: FF?
SegMap 09D40000: FF?
SegMap 09D60000: FF?
SegMap 09D80000: FF?
SegMap 09DA0000: FF?
SegMap 09DC0000: FF?
SegMap 09DE0000: FF?
SegMap 09E00000: FF?
SegMap 09E20000: FF?
SegMap 09E40000: FF?
SegMap 09E60000: FF?
SegMap 09E80000: FF?
SegMap 09EA0000: FF?
SegMap 09EC0000: FF?
SegMap 09EE0000: FF?
SegMap 09F00000: FF?
SegMap 09F20000: FF?
SegMap 09F40000: FF?
SegMap 09F60000: FF?
SegMap 09F80000: FF?
SegMap 09FA0000: FF?
SegMap 09FC0000: FF?
SegMap 09FE0000: FF?
SegMap 0A000000: FF?
SegMap 0A020000: FF?
SegMap 0A040000: FF?
SegMap 0A060000: FF?
SegMap 0A080000: FF?
SegMap 0A0A0000: FF?
SegMap 0A0C0000: FF?
SegMap 0A0E0000: FF?
SegMap 0A100000: FF?
SegMap 0A120000: FF?
SegMap 0A140000: FF?
SegMap 0A160000: FF?
SegMap 0A180000: FF?
SegMap 0A1A0000: FF?
SegMap 0A1C0000: FF?
SegMap 0A1E0000: FF?
SegMap 0A200000: FF?
SegMap 0A220000: FF?
SegMap 0A240000: FF?
SegMap 0A260000: FF?
SegMap 0A280000: FF?
SegMap 0A2A0000: FF?
SegMap 0A2C0000: FF?
SegMap 0A2E0000: FF?
SegMap 0A300000: FF?
SegMap 0A320000: FF?
SegMap 0A340000: FF?
SegMap 0A360000: FF?
SegMap 0A380000: FF?
SegMap 0A3A0000: FF?
SegMap 0A3C0000: FF?
SegMap 0A3E0000: FF?
SegMap 0A400000: FF?
SegMap 0A420000: FF?
SegMap 0A440000: FF?
SegMap 0A460000: FF?
SegMap 0A480000: FF?
SegMap 0A4A0000: FF?
SegMap 0A4C0000: FF?
SegMap 0A4E0000: FF?
SegMap 0A500000: FF?
SegMap 0A520000: FF?
SegMap 0A540000: FF?
SegMap 0A560000: FF?
SegMap 0A580000: FF?
SegMap 0A5A0000: FF?
SegMap 0A5C0000: FF?
SegMap 0A5E0000: FF?
SegMap 0A600000: FF?
SegMap 0A620000: FF?
SegMap 0A640000: FF?
SegMap 0A660000: FF?
SegMap 0A680000: FF?
SegMap 0A6A0000: FF?
SegMap 0A6C0000: FF?
SegMap 0A6E0000: FF?
SegMap 0A700000: FF?
SegMap 0A720000: FF?
SegMap 0A740000: FF?
SegMap 0A760000: FF?
SegMap 0A780000: FF?
SegMap 0A7A0000: FF?
SegMap 0A7C0000: FF?
SegMap 0A7E0000: FF?
SegMap 0A800000: FF?
SegMap 0A820000: FF?
SegMap 0A840000: FF?
SegMap 0A860000: FF?
SegMap 0A880000: FF?
SegMap 0A8A0000: FF?
SegMap 0A8C0000: FF?
SegMap 0A8E0000: FF?
SegMap 0A900000: FF?
SegMap 0A920000: FF?
SegMap 0A940000: FF?
SegMap 0A960000: FF?
SegMap 0A980000: FF?
SegMap 0A9A0000: FF?
SegMap 0A9C0000: FF?
SegMap 0A9E0000: FF?
SegMap 0AA00000: FF?
SegMap 0AA20000: FF?
SegMap 0AA40000: FF?
SegMap 0AA60000: FF?
SegMap 0AA80000: FF?
SegMap 0AAA0000: FF?
SegMap 0AAC0000: FF?
SegMap 0AAE0000: FF?
SegMap 0AB00000: FF?
SegMap 0AB20000: FF?
SegMap 0AB40000: FF?
SegMap 0AB60000: FF?
SegMap 0AB80000: FF?
SegMap 0ABA0000: FF?
SegMap 0ABC0000: FF?
SegMap 0ABE0000: FF?
SegMap 0AC00000: FF?
SegMap 0AC20000: FF?
SegMap 0AC40000: FF?
SegMap 0AC60000: FF?
SegMap 0AC80000: FF?
SegMap 0ACA0000: FF?
SegMap 0ACC0000: FF?
SegMap 0ACE0000: FF?
SegMap 0AD00000: FF?
SegMap 0AD20000: FF?
SegMap 0AD40000: FF?
SegMap 0AD60000: FF?
SegMap 0AD80000: FF?
SegMap 0ADA0000: FF?
SegMap 0ADC0000: FF?
SegMap 0ADE0000: FF?
SegMap 0AE00000: FF?
SegMap 0AE20000: FF?
SegMap 0AE40000: FF?
SegMap 0AE60000: FF?
SegMap 0AE80000: FF?
SegMap 0AEA0000: FF?
SegMap 0AEC0000: FF?
SegMap 0AEE0000: FF?
SegMap 0AF00000: FF?
SegMap 0AF20000: FF?
SegMap 0AF40000: FF?
SegMap 0AF60000: FF?
SegMap 0AF80000: FF?
SegMap 0AFA0000: FF?
SegMap 0AFC0000: FF?
SegMap 0AFE0000: FF?
SegMap 0B000000: FF?
SegMap 0B020000: FF?
SegMap 0B040000: FF?
SegMap 0B060000: FF?
SegMap 0B080000: FF?
SegMap 0B0A0000: FF?
SegMap 0B0C0000: FF?
SegMap 0B0E0000: FF?
SegMap 0B100000: FF?
SegMap 0B120000: FF?
SegMap 0B140000: FF?
SegMap 0B160000: FF?
SegMap 0B180000: FF?
SegMap 0B1A0000: FF?
SegMap 0B1C0000: FF?
SegMap 0B1E0000: FF?
SegMap 0B200000: FF?
SegMap 0B220000: FF?
SegMap 0B240000: FF?
SegMap 0B260000: FF?
SegMap 0B280000: FF?
SegMap 0B2A0000: FF?
SegMap 0B2C0000: FF?
SegMap 0B2E0000: FF?
SegMap 0B300000: FF?
SegMap 0B320000: FF?
SegMap 0B340000: FF?
SegMap 0B360000: FF?
SegMap 0B380000: FF?
SegMap 0B3A0000: FF?
SegMap 0B3C0000: FF?
SegMap 0B3E0000: FF?
SegMap 0B400000: FF?
SegMap 0B420000: FF?
SegMap 0B440000: FF?
SegMap 0B460000: FF?
SegMap 0B480000: FF?
SegMap 0B4A0000: FF?
SegMap 0B4C0000: FF?
SegMap 0B4E0000: FF?
SegMap 0B500000: FF?
SegMap 0B520000: FF?
SegMap 0B540000: FF?
SegMap 0B560000: FF?
SegMap 0B580000: FF?
SegMap 0B5A0000: FF?
SegMap 0B5C0000: FF?
SegMap 0B5E0000: FF?
SegMap 0B600000: FF?
SegMap 0B620000: FF?
SegMap 0B640000: FF?
SegMap 0B660000: FF?
SegMap 0B680000: FF?
SegMap 0B6A0000: FF?
SegMap 0B6C0000: FF?
SegMap 0B6E0000: FF?
SegMap 0B700000: FF?
SegMap 0B720000: FF?
SegMap 0B740000: FF?
SegMap 0B760000: FF?
SegMap 0B780000: FF?
SegMap 0B7A0000: FF?
SegMap 0B7C0000: FF?
SegMap 0B7E0000: FF?
SegMap 0B800000: FF?
SegMap 0B820000: FF?
SegMap 0B840000: FF?
SegMap 0B860000: FF?
SegMap 0B880000: FF?
SegMap 0B8A0000: FF?
SegMap 0B8C0000: FF?
SegMap 0B8E0000: FF?
SegMap 0B900000: FF?
SegMap 0B920000: FF?
SegMap 0B940000: FF?
SegMap 0B960000: FF?
SegMap 0B980000: FF?
SegMap 0B9A0000: FF?
SegMap 0B9C0000: FF?
SegMap 0B9E0000: FF?
SegMap 0BA00000: FF?
SegMap 0BA20000: FF?
SegMap 0BA40000: FF?
SegMap 0BA60000: FF?
SegMap 0BA80000: FF?
SegMap 0BAA0000: FF?
SegMap 0BAC0000: FF?
SegMap 0BAE0000: FF?
SegMap 0BB00000: FF?
SegMap 0BB20000: FF?
SegMap 0BB40000: FF?
SegMap 0BB60000: FF?
SegMap 0BB80000: FF?
SegMap 0BBA0000: FF?
SegMap 0BBC0000: FF?
SegMap 0BBE0000: FF?
SegMap 0BC00000: FF?
SegMap 0BC20000: FF?
SegMap 0BC40000: FF?
SegMap 0BC60000: FF?
SegMap 0BC80000: FF?
SegMap 0BCA0000: FF?
SegMap 0BCC0000: FF?
SegMap 0BCE0000: FF?
SegMap 0BD00000: FF?
SegMap 0BD20000: FF?
SegMap 0BD40000: FF?
SegMap 0BD60000: FF?
SegMap 0BD80000: FF?
SegMap 0BDA0000: FF?
SegMap 0BDC0000: FF?
SegMap 0BDE0000: FF?
SegMap 0BE00000: FF?
SegMap 0BE20000: FF?
SegMap 0BE40000: FF?
SegMap 0BE60000: FF?
SegMap 0BE80000: FF?
SegMap 0BEA0000: FF?
SegMap 0BEC0000: FF?
SegMap 0BEE0000: FF?
SegMap 0BF00000: FF?
SegMap 0BF20000: FF?
SegMap 0BF40000: FF?
SegMap 0BF60000: FF?
SegMap 0BF80000: FF?
SegMap 0BFA0000: FF?
SegMap 0BFC0000: FF?
SegMap 0BFE0000: FF?
SegMap 0C000000: FF?
SegMap 0C020000: FF?
SegMap 0C040000: FF?
SegMap 0C060000: FF?
SegMap 0C080000: FF?
SegMap 0C0A0000: FF?
SegMap 0C0C0000: FF?
SegMap 0C0E0000: FF?
SegMap 0C100000: FF?
SegMap 0C120000: FF?
SegMap 0C140000: FF?
SegMap 0C160000: FF?
SegMap 0C180000: FF?
SegMap 0C1A0000: FF?
SegMap 0C1C0000: FF?
SegMap 0C1E0000: FF?
SegMap 0C200000: FF?
SegMap 0C220000: FF?
SegMap 0C240000: FF?
SegMap 0C260000: FF?
SegMap 0C280000: FF?
SegMap 0C2A0000: FF?
SegMap 0C2C0000: FF?
SegMap 0C2E0000: FF?
SegMap 0C300000: FF?
SegMap 0C320000: FF?
SegMap 0C340000: FF?
SegMap 0C360000: FF?
SegMap 0C380000: FF?
SegMap 0C3A0000: FF?
SegMap 0C3C0000: FF?
SegMap 0C3E0000: FF?
SegMap 0C400000: FF?
SegMap 0C420000: FF?
SegMap 0C440000: FF?
SegMap 0C460000: FF?
SegMap 0C480000: FF?
SegMap 0C4A0000: FF?
SegMap 0C4C0000: FF?
SegMap 0C4E0000: FF?
SegMap 0C500000: FF?
SegMap 0C520000: FF?
SegMap 0C540000: FF?
SegMap 0C560000: FF?
SegMap 0C580000: FF?
SegMap 0C5A0000: FF?
SegMap 0C5C0000: FF?
SegMap 0C5E0000: FF?
SegMap 0C600000: FF?
SegMap 0C620000: FF?
SegMap 0C640000: FF?
SegMap 0C660000: FF?
SegMap 0C680000: FF?
SegMap 0C6A0000: FF?
SegMap 0C6C0000: FF?
SegMap 0C6E0000: FF?
SegMap 0C700000: FF?
SegMap 0C720000: FF?
SegMap 0C740000: FF?
SegMap 0C760000: FF?
SegMap 0C780000: FF?
SegMap 0C7A0000: FF?
SegMap 0C7C0000: FF?
SegMap 0C7E0000: FF?
SegMap 0C800000: FF?
SegMap 0C820000: FF?
SegMap 0C840000: FF?
SegMap 0C860000: FF?
SegMap 0C880000: FF?
SegMap 0C8A0000: FF?
SegMap 0C8C0000: FF?
SegMap 0C8E0000: FF?
SegMap 0C900000: FF?
SegMap 0C920000: FF?
SegMap 0C940000: FF?
SegMap 0C960000: FF?
SegMap 0C980000: FF?
SegMap 0C9A0000: FF?
SegMap 0C9C0000: FF?
SegMap 0C9E0000: FF?
SegMap 0CA00000: FF?
SegMap 0CA20000: FF?
SegMap 0CA40000: FF?
SegMap 0CA60000: FF?
SegMap 0CA80000: FF?
SegMap 0CAA0000: FF?
SegMap 0CAC0000: FF?
SegMap 0CAE0000: FF?
SegMap 0CB00000: FF?
SegMap 0CB20000: FF?
SegMap 0CB40000: FF?
SegMap 0CB60000: FF?
SegMap 0CB80000: FF?
SegMap 0CBA0000: FF?
SegMap 0CBC0000: FF?
SegMap 0CBE0000: FF?
SegMap 0CC00000: FF?
SegMap 0CC20000: FF?
SegMap 0CC40000: FF?
SegMap 0CC60000: FF?
SegMap 0CC80000: FF?
SegMap 0CCA0000: FF?
SegMap 0CCC0000: FF?
SegMap 0CCE0000: FF?
SegMap 0CD00000: FF?
SegMap 0CD20000: FF?
SegMap 0CD40000: FF?
SegMap 0CD60000: FF?
SegMap 0CD80000: FF?
SegMap 0CDA0000: FF?
SegMap 0CDC0000: FF?
SegMap 0CDE0000: FF?
SegMap 0CE00000: FF?
SegMap 0CE20000: FF?
SegMap 0CE40000: FF?
SegMap 0CE60000: FF?
SegMap 0CE80000: FF?
SegMap 0CEA0000: FF?
SegMap 0CEC0000: FF?
SegMap 0CEE0000: FF?
SegMap 0CF00000: FF?
SegMap 0CF20000: FF?
SegMap 0CF40000: FF?
SegMap 0CF60000: FF?
SegMap 0CF80000: FF?
SegMap 0CFA0000: FF?
SegMap 0CFC0000: FF?
SegMap 0CFE0000: FF?
SegMap 0D000000: FF?
SegMap 0D020000: FF?
SegMap 0D040000: FF?
SegMap 0D060000: FF?
SegMap 0D080000: FF?
SegMap 0D0A0000: FF?
SegMap 0D0C0000: FF?
SegMap 0D0E0000: FF?
SegMap 0D100000: FF?
SegMap 0D120000: FF?
SegMap 0D140000: FF?
SegMap 0D160000: FF?
SegMap 0D180000: FF?
SegMap 0D1A0000: FF?
SegMap 0D1C0000: FF?
SegMap 0D1E0000: FF?
SegMap 0D200000: FF?
SegMap 0D220000: FF?
SegMap 0D240000: FF?
SegMap 0D260000: FF?
SegMap 0D280000: FF?
SegMap 0D2A0000: FF?
SegMap 0D2C0000: FF?
SegMap 0D2E0000: FF?
SegMap 0D300000: FF?
SegMap 0D320000: FF?
SegMap 0D340000: FF?
SegMap 0D360000: FF?
SegMap 0D380000: FF?
SegMap 0D3A0000: FF?
SegMap 0D3C0000: FF?
SegMap 0D3E0000: FF?
SegMap 0D400000: FF?
SegMap 0D420000: FF?
SegMap 0D440000: FF?
SegMap 0D460000: FF?
SegMap 0D480000: FF?
SegMap 0D4A0000: FF?
SegMap 0D4C0000: FF?
SegMap 0D4E0000: FF?
SegMap 0D500000: FF?
SegMap 0D520000: FF?
SegMap 0D540000: FF?
SegMap 0D560000: FF?
SegMap 0D580000: FF?
SegMap 0D5A0000: FF?
SegMap 0D5C0000: FF?
SegMap 0D5E0000: FF?
SegMap 0D600000: FF?
SegMap 0D620000: FF?
SegMap 0D640000: FF?
SegMap 0D660000: FF?
SegMap 0D680000: FF?
SegMap 0D6A0000: FF?
SegMap 0D6C0000: FF?
SegMap 0D6E0000: FF?
SegMap 0D700000: FF?
SegMap 0D720000: FF?
SegMap 0D740000: FF?
SegMap 0D760000: FF?
SegMap 0D780000: FF?
SegMap 0D7A0000: FF?
SegMap 0D7C0000: FF?
SegMap 0D7E0000: FF?
SegMap 0D800000: FF?
SegMap 0D820000: FF?
SegMap 0D840000: FF?
SegMap 0D860000: FF?
SegMap 0D880000: FF?
SegMap 0D8A0000: FF?
SegMap 0D8C0000: FF?
SegMap 0D8E0000: FF?
SegMap 0D900000: FF?
SegMap 0D920000: FF?
SegMap 0D940000: FF?
SegMap 0D960000: FF?
SegMap 0D980000: FF?
SegMap 0D9A0000: FF?
SegMap 0D9C0000: FF?
SegMap 0D9E0000: FF?
SegMap 0DA00000: FF?
SegMap 0DA20000: FF?
SegMap 0DA40000: FF?
SegMap 0DA60000: FF?
SegMap 0DA80000: FF?
SegMap 0DAA0000: FF?
SegMap 0DAC0000: FF?
SegMap 0DAE0000: FF?
SegMap 0DB00000: FF?
SegMap 0DB20000: FF?
SegMap 0DB40000: FF?
SegMap 0DB60000: FF?
SegMap 0DB80000: FF?
SegMap 0DBA0000: FF?
SegMap 0DBC0000: FF?
SegMap 0DBE0000: FF?
SegMap 0DC00000: FF?
SegMap 0DC20000: FF?
SegMap 0DC40000: FF?
SegMap 0DC60000: FF?
SegMap 0DC80000: FF?
SegMap 0DCA0000: FF?
SegMap 0DCC0000: FF?
SegMap 0DCE0000: FF?
SegMap 0DD00000: FF?
SegMap 0DD20000: FF?
SegMap 0DD40000: FF?
SegMap 0DD60000: FF?
SegMap 0DD80000: FF?
SegMap 0DDA0000: FF?
SegMap 0DDC0000: FF?
SegMap 0DDE0000: FF?
SegMap 0DE00000: FF?
SegMap 0DE20000: FF?
SegMap 0DE40000: FF?
SegMap 0DE60000: FF?
SegMap 0DE80000: FF?
SegMap 0DEA0000: FF?
SegMap 0DEC0000: FF?
SegMap 0DEE0000: FF?
SegMap 0DF00000: FF?
SegMap 0DF20000: FF?
SegMap 0DF40000: FF?
SegMap 0DF60000: FF?
SegMap 0DF80000: FF?
SegMap 0DFA0000: FF?
SegMap 0DFC0000: FF?
SegMap 0DFE0000: FF?
SegMap 0E000000: FF?
SegMap 0E020000: FF?
SegMap 0E040000: FF?
SegMap 0E060000: FF?
SegMap 0E080000: FF?
SegMap 0E0A0000: FF?
SegMap 0E0C0000: FF?
SegMap 0E0E0000: FF?
SegMap 0E100000: FF?
SegMap 0E120000: FF?
SegMap 0E140000: FF?
SegMap 0E160000: FF?
SegMap 0E180000: FF?
SegMap 0E1A0000: FF?
SegMap 0E1C0000: FF?
SegMap 0E1E0000: FF?
SegMap 0E200000: FF?
SegMap 0E220000: FF?
SegMap 0E240000: FF?
SegMap 0E260000: FF?
SegMap 0E280000: FF?
SegMap 0E2A0000: FF?
SegMap 0E2C0000: FF?
SegMap 0E2E0000: FF?
SegMap 0E300000: FF?
SegMap 0E320000: FF?
SegMap 0E340000: FF?
SegMap 0E360000: FF?
SegMap 0E380000: FF?
SegMap 0E3A0000: FF?
SegMap 0E3C0000: FF?
SegMap 0E3E0000: FF?
SegMap 0E400000: FF?
SegMap 0E420000: FF?
SegMap 0E440000: FF?
SegMap 0E460000: FF?
SegMap 0E480000: FF?
SegMap 0E4A0000: FF?
SegMap 0E4C0000: FF?
SegMap 0E4E0000: FF?
SegMap 0E500000: FF?
SegMap 0E520000: FF?
SegMap 0E540000: FF?
SegMap 0E560000: FF?
SegMap 0E580000: FF?
SegMap 0E5A0000: FF?
SegMap 0E5C0000: FF?
SegMap 0E5E0000: FF?
SegMap 0E600000: FF?
SegMap 0E620000: FF?
SegMap 0E640000: FF?
SegMap 0E660000: FF?
SegMap 0E680000: FF?
SegMap 0E6A0000: FF?
SegMap 0E6C0000: FF?
SegMap 0E6E0000: FF?
SegMap 0E700000: FF?
SegMap 0E720000: FF?
SegMap 0E740000: FF?
SegMap 0E760000: FF?
SegMap 0E780000: FF?
SegMap 0E7A0000: FF?
SegMap 0E7C0000: FF?
SegMap 0E7E0000: FF?
SegMap 0E800000: FF?
SegMap 0E820000: FF?
SegMap 0E840000: FF?
SegMap 0E860000: FF?
SegMap 0E880000: FF?
SegMap 0E8A0000: FF?
SegMap 0E8C0000: FF?
SegMap 0E8E0000: FF?
SegMap 0E900000: FF?
SegMap 0E920000: FF?
SegMap 0E940000: FF?
SegMap 0E960000: FF?
SegMap 0E980000: FF?
SegMap 0E9A0000: FF?
SegMap 0E9C0000: FF?
SegMap 0E9E0000: FF?
SegMap 0EA00000: FF?
SegMap 0EA20000: FF?
SegMap 0EA40000: FF?
SegMap 0EA60000: FF?
SegMap 0EA80000: FF?
SegMap 0EAA0000: FF?
SegMap 0EAC0000: FF?
SegMap 0EAE0000: FF?
SegMap 0EB00000: FF?
SegMap 0EB20000: FF?
SegMap 0EB40000: FF?
SegMap 0EB60000: FF?
SegMap 0EB80000: FF?
SegMap 0EBA0000: FF?
SegMap 0EBC0000: FF?
SegMap 0EBE0000: FF?
SegMap 0EC00000: FF?
SegMap 0EC20000: FF?
SegMap 0EC40000: FF?
SegMap 0EC60000: FF?
SegMap 0EC80000: FF?
SegMap 0ECA0000: FF?
SegMap 0ECC0000: FF?
SegMap 0ECE0000: FF?
SegMap 0ED00000: FF?
SegMap 0ED20000: FF?
SegMap 0ED40000: FF?
SegMap 0ED60000: FF?
SegMap 0ED80000: FF?
SegMap 0EDA0000: FF?
SegMap 0EDC0000: FF?
SegMap 0EDE0000: FF?
SegMap 0EE00000: FF?
SegMap 0EE20000: FF?
SegMap 0EE40000: FF?
SegMap 0EE60000: FF?
SegMap 0EE80000: FF?
SegMap 0EEA0000: FF?
SegMap 0EEC0000: FF?
SegMap 0EEE0000: FF?
SegMap 0EF00000: FF?
SegMap 0EF20000: FF?
SegMap 0EF40000: FF?
SegMap 0EF60000: FF?
SegMap 0EF80000: FF?
SegMap 0EFA0000: FF?
SegMap 0EFC0000: FF?
SegMap 0EFE0000: FF?
SegMap 0F000000: FF?
SegMap 0F020000: FF?
SegMap 0F040000: FF?
SegMap 0F060000: FF?
SegMap 0F080000: FF?
SegMap 0F0A0000: FF?
SegMap 0F0C0000: FF?
SegMap 0F0E0000: FF?
SegMap 0F100000: FF?
SegMap 0F120000: FF?
SegMap 0F140000: FF?
SegMap 0F160000: FF?
SegMap 0F180000: FF?
SegMap 0F1A0000: FF?
SegMap 0F1C0000: FF?
SegMap 0F1E0000: FF?
SegMap 0F200000: FF?
SegMap 0F220000: FF?
SegMap 0F240000: FF?
SegMap 0F260000: FF?
SegMap 0F280000: FF?
SegMap 0F2A0000: FF?
SegMap 0F2C0000: FF?
SegMap 0F2E0000: FF?
SegMap 0F300000: FF?
SegMap 0F320000: FF?
SegMap 0F340000: FF?
SegMap 0F360000: FF?
SegMap 0F380000: FF?
SegMap 0F3A0000: FF?
SegMap 0F3C0000: FF?
SegMap 0F3E0000: FF?
SegMap 0F400000: FF?
SegMap 0F420000: FF?
SegMap 0F440000: FF?
SegMap 0F460000: FF?
SegMap 0F480000: FF?
SegMap 0F4A0000: FF?
SegMap 0F4C0000: FF?
SegMap 0F4E0000: FF?
SegMap 0F500000: FF?
SegMap 0F520000: FF?
SegMap 0F540000: FF?
SegMap 0F560000: FF?
SegMap 0F580000: FF?
SegMap 0F5A0000: FF?
SegMap 0F5C0000: FF?
SegMap 0F5E0000: FF?
SegMap 0F600000: FF?
SegMap 0F620000: FF?
SegMap 0F640000: FF?
SegMap 0F660000: FF?
SegMap 0F680000: FF?
SegMap 0F6A0000: FF?
SegMap 0F6C0000: FF?
SegMap 0F6E0000: FF?
SegMap 0F700000: FF?
SegMap 0F720000: FF?
SegMap 0F740000: FF?
SegMap 0F760000: FF?
SegMap 0F780000: FF?
SegMap 0F7A0000: FF?
SegMap 0F7C0000: FF?
SegMap 0F7E0000: FF?
SegMap 0F800000: FF?
SegMap 0F820000: FF?
SegMap 0F840000: FF?
SegMap 0F860000: FF?
SegMap 0F880000: FF?
SegMap 0F8A0000: FF?
SegMap 0F8C0000: FF?
SegMap 0F8E0000: FF?
SegMap 0F900000: FF?
SegMap 0F920000: FF?
SegMap 0F940000: FF?
SegMap 0F960000: FF?
SegMap 0F980000: FF?
SegMap 0F9A0000: FF?
SegMap 0F9C0000: FF?
SegMap 0F9E0000: FF?
SegMap 0FA00000: FF?
SegMap 0FA20000: FF?
SegMap 0FA40000: FF?
SegMap 0FA60000: FF?
SegMap 0FA80000: FF?
SegMap 0FAA0000: FF?
SegMap 0FAC0000: FF?
SegMap 0FAE0000: FF?
SegMap 0FB00000: FF?
SegMap 0FB20000: FF?
SegMap 0FB40000: FF?
SegMap 0FB60000: FF?
SegMap 0FB80000: FF?
SegMap 0FBA0000: FF?
SegMap 0FBC0000: FF?
SegMap 0FBE0000: FF?
SegMap 0FC00000: FF?
SegMap 0FC20000: FF?
SegMap 0FC40000: FF?
SegMap 0FC60000: FF?
SegMap 0FC80000: FF?
SegMap 0FCA0000: FF?
SegMap 0FCC0000: FF?
SegMap 0FCE0000: FF?
SegMap 0FD00000: FF?
SegMap 0FD20000: FF?
SegMap 0FD40000: FF?
SegMap 0FD60000: FF?
SegMap 0FD80000: FF?
SegMap 0FDA0000: FF?
SegMap 0FDC0000: FF?
SegMap 0FDE0000: FF?
SegMap 0FE00000: FE?
SegMap 0FE20000: FD?
SegMap 0FE40000: FC?
SegMap 0FE60000: FB?
SegMap 0FE80000: FA?
SegMap 0FEA0000: F9?
SegMap 0FEC0000: FF?
SegMap 0FEE0000: F7?
SegMap 0FF00000: F6?
SegMap 0FF20000: F5?
SegMap 0FF40000: F4?
SegMap 0FF60000: F3?
SegMap 0FF80000: FF?
SegMap 0FFA0000: FF?
SegMap 0FFC0000: FF?
SegMap 0FFE0000: F8?
